<?xml version="1.0" encoding="UTF-8"?>
<testng-results ignored="0" total="1" passed="1" failed="0" skipped="0">
  <reporter-output>
  </reporter-output>
  <suite started-at="2024-06-03T16:07:08 IST" name="Suite" finished-at="2024-06-03T16:07:31 IST" duration-ms="22676">
    <groups>
      <group name="Smoke">
        <method signature="Check_Web_Enabled_DEL.webenabledcheck()[pri:0, instance:projects.Check_Web_Enabled_DEL@3835c46]" name="webenabledcheck" class="projects.Check_Web_Enabled_DEL"/>
      </group> <!-- Smoke -->
    </groups>
    <test started-at="2024-06-03T16:07:08 IST" name="Test" finished-at="2024-06-03T16:07:31 IST" duration-ms="22676">
      <class name="projects.Check_Web_Enabled_DEL">
        <test-method signature="webenabledcheck()[pri:0, instance:projects.Check_Web_Enabled_DEL@3835c46]" started-at="2024-06-03T16:07:08 IST" name="webenabledcheck" finished-at="2024-06-03T16:07:31 IST" duration-ms="22608" status="PASS">
          <reporter-output>
          </reporter-output>
        </test-method> <!-- webenabledcheck -->
      </class> <!-- projects.Check_Web_Enabled_DEL -->
    </test> <!-- Test -->
  </suite> <!-- Suite -->
</testng-results>
