<?xml version="1.0" encoding="UTF-8"?>
<testng-results ignored="0" total="1" passed="1" failed="0" skipped="0">
  <reporter-output>
  </reporter-output>
  <suite started-at="2024-06-05T19:53:23 IST" name="Suite" finished-at="2024-06-05T19:54:14 IST" duration-ms="50921">
    <groups>
      <group name="MakeElectionClass">
        <method signature="Electmaint_Make_Election.TakeMakeElectionScreenShot()[pri:0, instance:projects.Electmaint_Make_Election@55182842]" name="TakeMakeElectionScreenShot" class="projects.Electmaint_Make_Election"/>
      </group> <!-- MakeElectionClass -->
    </groups>
    <test started-at="2024-06-05T19:53:23 IST" name="Test" finished-at="2024-06-05T19:54:14 IST" duration-ms="50921">
      <class name="projects.Electmaint_Make_Election">
        <test-method signature="TakeMakeElectionScreenShot()[pri:0, instance:projects.Electmaint_Make_Election@55182842]" started-at="2024-06-05T19:53:23 IST" name="TakeMakeElectionScreenShot" finished-at="2024-06-05T19:54:14 IST" duration-ms="50877" status="PASS">
          <reporter-output>
          </reporter-output>
        </test-method> <!-- TakeMakeElectionScreenShot -->
      </class> <!-- projects.Electmaint_Make_Election -->
    </test> <!-- Test -->
  </suite> <!-- Suite -->
</testng-results>
