<?xml version="1.0" encoding="UTF-8"?>
<testng-results ignored="0" total="1" passed="1" failed="0" skipped="0">
  <reporter-output>
  </reporter-output>
  <suite started-at="2024-06-06T12:03:16 IST" name="Default suite" finished-at="2024-06-06T12:17:34 IST" duration-ms="858745">
    <groups>
      <group name="MakeElectionClass">
        <method signature="Electmaint_Make_Election.TakeMakeElectionScreenShot()[pri:0, instance:projects.Electmaint_Make_Election@368f2016]" name="TakeMakeElectionScreenShot" class="projects.Electmaint_Make_Election"/>
      </group> <!-- MakeElectionClass -->
    </groups>
    <test started-at="2024-06-06T12:03:16 IST" name="Default test" finished-at="2024-06-06T12:17:34 IST" duration-ms="858745">
      <class name="projects.Electmaint_Make_Election">
        <test-method signature="TakeMakeElectionScreenShot()[pri:0, instance:projects.Electmaint_Make_Election@368f2016]" started-at="2024-06-06T12:03:16 IST" name="TakeMakeElectionScreenShot" finished-at="2024-06-06T12:17:34 IST" duration-ms="858694" status="PASS">
          <reporter-output>
          </reporter-output>
        </test-method> <!-- TakeMakeElectionScreenShot -->
      </class> <!-- projects.Electmaint_Make_Election -->
    </test> <!-- Default test -->
  </suite> <!-- Default suite -->
</testng-results>
